<?xml version="1.0" encoding="UTF-8"?>
<!-- Generated by org.testng.reporters.JUnitReportReporter -->
<testsuite hostname="DESKTOP-2J9NN22" failures="0" tests="2" name="RestTesting.TestNg" time="0.015" errors="0" timestamp="14 Mar 2022 16:45:28 GMT">
  <testcase classname="RestTesting.TestNg" name="testcase2" time="0.007"/>
  <testcase classname="RestTesting.TestNg" name="testcase1" time="0.008"/>
</testsuite> <!-- RestTesting.TestNg -->
