<?xml version="1.0" encoding="UTF-8"?>
<!-- Generated by org.testng.reporters.JUnitReportReporter -->
<testsuite hostname="DESKTOP-2J9NN22" failures="0" tests="3" name="RestTesting.Trello" time="3.776" errors="0" timestamp="17 Mar 2022 04:16:44 GMT">
  <testcase classname="RestTesting.Trello" name="getBoard" time="0.475"/>
  <testcase classname="RestTesting.Trello" name="deleteBoard" time="0.731"/>
  <testcase classname="RestTesting.Trello" name="createBoard" time="2.570"/>
</testsuite> <!-- RestTesting.Trello -->
