<?xml version="1.0" encoding="UTF-8"?>
<!-- Generated by org.testng.reporters.JUnitReportReporter -->
<testsuite hostname="DESKTOP-2J9NN22" failures="0" tests="2" name="RestTesting.TestEcomm" time="11.171" errors="0" timestamp="16 Mar 2022 14:36:07 GMT">
  <testcase classname="RestTesting.TestEcomm" name="Login" time="4.100"/>
  <testcase classname="RestTesting.TestEcomm" name="signup" time="7.071"/>
</testsuite> <!-- RestTesting.TestEcomm -->
