<?xml version="1.0" encoding="UTF-8"?>
<!-- Generated by org.testng.reporters.JUnitReportReporter -->
<testsuite hostname="DESKTOP-2J9NN22" failures="0" tests="3" name="RestTesting.Trello" time="9.579" errors="0" timestamp="16 Mar 2022 14:34:43 GMT">
  <testcase classname="RestTesting.Trello" name="deleteBoard" time="3.803"/>
  <testcase classname="RestTesting.Trello" name="getBoard" time="1.336"/>
  <testcase classname="RestTesting.Trello" name="createBoard" time="4.440"/>
</testsuite> <!-- RestTesting.Trello -->
