<?xml version="1.0" encoding="UTF-8"?>
<!-- Generated by org.testng.reporters.JUnitReportReporter -->
<testsuite hostname="DESKTOP-2J9NN22" failures="0" tests="1" name="RestTesting.TestEcomm" time="3.864" errors="0" timestamp="17 Mar 2022 04:16:44 GMT">
  <testcase classname="RestTesting.TestEcomm" name="Login" time="3.864"/>
</testsuite> <!-- RestTesting.TestEcomm -->
